<?xml version="1.0" encoding="UTF-8"?>
<!-- Generated by org.testng.reporters.JUnitReportReporter -->
<testsuite skipped="0" hostname="LAPTOP-37R1BT8F" name="DogBreeds" tests="4" failures="0" timestamp="2023-07-26T02:57:15 CAT" time="9.693" errors="0">
  <testcase name="AllDogBreeds" time="7.515" classname="DogBreeds"/>
  <system-out/>
  <testcase name="SubBreedsForRretriever" time="1.179" classname="DogBreeds"/>
  <system-out/>
  <testcase name="VerifyRetrieverInTheList" time="0.520" classname="DogBreeds"/>
  <system-out/>
  <testcase name="ProduceRandomImage" time="0.479" classname="DogBreeds"/>
  <system-out/>
</testsuite> <!-- DogBreeds -->
