<?xml version="1.0" encoding="UTF-8"?>
<!-- Generated by org.testng.reporters.JUnitReportReporter -->
<testsuite skipped="0" hostname="LAPTOP-37R1BT8F" name="API.DogBreeds" tests="1" failures="0" timestamp="2023-07-25T21:47:00 CAT" time="1.359" errors="1">
  <testcase name="partytypes" time="1.359" classname="API.DogBreeds">
    <error type="java.lang.NullPointerException" message="Cannot invoke method trim() on null object">
      <![CDATA[java.lang.NullPointerException: Cannot invoke method trim() on null object
at org.codehaus.groovy.runtime.NullObject.invokeMethod(NullObject.java:91)
at org.codehaus.groovy.runtime.callsite.PogoMetaClassSite.call(PogoMetaClassSite.java:48)
at org.codehaus.groovy.runtime.callsite.CallSiteArray.defaultCall(CallSiteArray.java:48)
at org.codehaus.groovy.runtime.callsite.NullCallSite.call(NullCallSite.java:35)
at org.codehaus.groovy.runtime.callsite.CallSiteArray.defaultCall(CallSiteArray.java:48)
at org.codehaus.groovy.runtime.callsite.AbstractCallSite.call(AbstractCallSite.java:113)
at org.codehaus.groovy.runtime.callsite.AbstractCallSite.call(AbstractCallSite.java:117)
at com.jayway.restassured.internal.RequestSpecificationImpl.hasAuthorityEqualToLocalhost(RequestSpecificationImpl.groovy:1530)
at sun.reflect.NativeMethodAccessorImpl.invoke0(Native Method)
at sun.reflect.NativeMethodAccessorImpl.invoke(Unknown Source)
at sun.reflect.DelegatingMethodAccessorImpl.invoke(Unknown Source)
at java.lang.reflect.Method.invoke(Unknown Source)
at org.codehaus.groovy.reflection.CachedMethod.invoke(CachedMethod.java:93)
at groovy.lang.MetaMethod.doMethodInvoke(MetaMethod.java:325)
at groovy.lang.MetaClassImpl.invokeMethod(MetaClassImpl.java:1210)
at groovy.lang.MetaClassImpl.invokeMethod(MetaClassImpl.java:1019)
at groovy.lang.MetaClassImpl.invokeMethod(MetaClassImpl.java:810)
at com.jayway.restassured.internal.RequestSpecificationImpl.invokeMethod(RequestSpecificationImpl.groovy)
at org.codehaus.groovy.runtime.callsite.PogoInterceptableSite.call(PogoInterceptableSite.java:48)
at org.codehaus.groovy.runtime.callsite.PogoInterceptableSite.callCurrent(PogoInterceptableSite.java:58)
at org.codehaus.groovy.runtime.callsite.CallSiteArray.defaultCallCurrent(CallSiteArray.java:52)
at org.codehaus.groovy.runtime.callsite.AbstractCallSite.callCurrent(AbstractCallSite.java:154)
at org.codehaus.groovy.runtime.callsite.AbstractCallSite.callCurrent(AbstractCallSite.java:166)
at com.jayway.restassured.internal.RequestSpecificationImpl.getTargetUriFromUrl(RequestSpecificationImpl.groovy:1521)
at sun.reflect.NativeMethodAccessorImpl.invoke0(Native Method)
at sun.reflect.NativeMethodAccessorImpl.invoke(Unknown Source)
at sun.reflect.DelegatingMethodAccessorImpl.invoke(Unknown Source)
at java.lang.reflect.Method.invoke(Unknown Source)
at org.codehaus.groovy.reflection.CachedMethod.invoke(CachedMethod.java:93)
at groovy.lang.MetaMethod.doMethodInvoke(MetaMethod.java:325)
at groovy.lang.MetaClassImpl.invokeMethod(MetaClassImpl.java:1210)
at groovy.lang.MetaClassImpl.invokeMethod(MetaClassImpl.java:1019)
at groovy.lang.MetaClassImpl.invokeMethod(MetaClassImpl.java:810)
at com.jayway.restassured.internal.RequestSpecificationImpl.invokeMethod(RequestSpecificationImpl.groovy)
at org.codehaus.groovy.runtime.callsite.PogoInterceptableSite.call(PogoInterceptableSite.java:48)
at org.codehaus.groovy.runtime.callsite.PogoInterceptableSite.callCurrent(PogoInterceptableSite.java:58)
at org.codehaus.groovy.runtime.callsite.CallSiteArray.defaultCallCurrent(CallSiteArray.java:52)
at org.codehaus.groovy.runtime.callsite.AbstractCallSite.callCurrent(AbstractCallSite.java:154)
at org.codehaus.groovy.runtime.callsite.AbstractCallSite.callCurrent(AbstractCallSite.java:166)
at com.jayway.restassured.internal.RequestSpecificationImpl.getTargetURI(RequestSpecificationImpl.groovy:1492)
at sun.reflect.NativeMethodAccessorImpl.invoke0(Native Method)
at sun.reflect.NativeMethodAccessorImpl.invoke(Unknown Source)
at sun.reflect.DelegatingMethodAccessorImpl.invoke(Unknown Source)
at java.lang.reflect.Method.invoke(Unknown Source)
at org.codehaus.groovy.reflection.CachedMethod.invoke(CachedMethod.java:93)
at groovy.lang.MetaMethod.doMethodInvoke(MetaMethod.java:325)
at groovy.lang.MetaClassImpl.invokeMethod(MetaClassImpl.java:1210)
at groovy.lang.MetaClassImpl.invokeMethod(MetaClassImpl.java:1019)
at groovy.lang.MetaClassImpl.invokeMethod(MetaClassImpl.java:810)
at com.jayway.restassured.internal.RequestSpecificationImpl.invokeMethod(RequestSpecificationImpl.groovy)
at org.codehaus.groovy.runtime.callsite.PogoInterceptableSite.call(PogoInterceptableSite.java:48)
at org.codehaus.groovy.runtime.callsite.PogoInterceptableSite.callCurrent(PogoInterceptableSite.java:58)
at org.codehaus.groovy.runtime.callsite.CallSiteArray.defaultCallCurrent(CallSiteArray.java:52)
at org.codehaus.groovy.runtime.callsite.AbstractCallSite.callCurrent(AbstractCallSite.java:154)
at org.codehaus.groovy.runtime.callsite.AbstractCallSite.callCurrent(AbstractCallSite.java:166)
at com.jayway.restassured.internal.RequestSpecificationImpl.partiallyApplyPathParams(RequestSpecificationImpl.groovy:1620)
at sun.reflect.NativeMethodAccessorImpl.invoke0(Native Method)
at sun.reflect.NativeMethodAccessorImpl.invoke(Unknown Source)
at sun.reflect.DelegatingMethodAccessorImpl.invoke(Unknown Source)
at java.lang.reflect.Method.invoke(Unknown Source)
at org.codehaus.groovy.reflection.CachedMethod.invoke(CachedMethod.java:93)
at groovy.lang.MetaMethod.doMethodInvoke(MetaMethod.java:325)
at groovy.lang.MetaClassImpl.invokeMethod(MetaClassImpl.java:1210)
at groovy.lang.MetaClassImpl.invokeMethod(MetaClassImpl.java:1019)
at groovy.lang.MetaClassImpl.invokeMethod(MetaClassImpl.java:810)
at com.jayway.restassured.internal.RequestSpecificationImpl.invokeMethod(RequestSpecificationImpl.groovy)
at org.codehaus.groovy.runtime.callsite.PogoInterceptableSite.call(PogoInterceptableSite.java:48)
at org.codehaus.groovy.runtime.callsite.PogoInterceptableSite.callCurrent(PogoInterceptableSite.java:58)
at org.codehaus.groovy.runtime.callsite.CallSiteArray.defaultCallCurrent(CallSiteArray.java:52)
at org.codehaus.groovy.runtime.callsite.AbstractCallSite.callCurrent(AbstractCallSite.java:154)
at org.codehaus.groovy.runtime.callsite.AbstractCallSite.callCurrent(AbstractCallSite.java:182)
at com.jayway.restassured.internal.RequestSpecificationImpl.newFilterContext(RequestSpecificationImpl.groovy:1039)
at sun.reflect.NativeMethodAccessorImpl.invoke0(Native Method)
at sun.reflect.NativeMethodAccessorImpl.invoke(Unknown Source)
at sun.reflect.DelegatingMethodAccessorImpl.invoke(Unknown Source)
at java.lang.reflect.Method.invoke(Unknown Source)
at org.codehaus.groovy.reflection.CachedMethod.invoke(CachedMethod.java:93)
at groovy.lang.MetaMethod.doMethodInvoke(MetaMethod.java:325)
at groovy.lang.MetaClassImpl.invokeMethod(MetaClassImpl.java:1210)
at groovy.lang.MetaClassImpl.invokeMethod(MetaClassImpl.java:1019)
at groovy.lang.MetaClassImpl.invokeMethod(MetaClassImpl.java:810)
at com.jayway.restassured.internal.RequestSpecificationImpl.invokeMethod(RequestSpecificationImpl.groovy)
at org.codehaus.groovy.runtime.callsite.PogoInterceptableSite.call(PogoInterceptableSite.java:48)
at org.codehaus.groovy.runtime.callsite.PogoInterceptableSite.callCurrent(PogoInterceptableSite.java:58)
at org.codehaus.groovy.runtime.callsite.CallSiteArray.defaultCallCurrent(CallSiteArray.java:52)
at org.codehaus.groovy.runtime.callsite.AbstractCallSite.callCurrent(AbstractCallSite.java:154)
at org.codehaus.groovy.runtime.callsite.AbstractCallSite.callCurrent(AbstractCallSite.java:182)
at com.jayway.restassured.internal.RequestSpecificationImpl.applyPathParamsAndSendRequest(RequestSpecificationImpl.groovy:1594)
at sun.reflect.NativeMethodAccessorImpl.invoke0(Native Method)
at sun.reflect.NativeMethodAccessorImpl.invoke(Unknown Source)
at sun.reflect.DelegatingMethodAccessorImpl.invoke(Unknown Source)
at java.lang.reflect.Method.invoke(Unknown Source)
at org.codehaus.groovy.reflection.CachedMethod.invoke(CachedMethod.java:93)
at groovy.lang.MetaMethod.doMethodInvoke(MetaMethod.java:325)
at groovy.lang.MetaClassImpl.invokeMethod(MetaClassImpl.java:1210)
at groovy.lang.MetaClassImpl.invokeMethod(MetaClassImpl.java:1019)
at groovy.lang.MetaClassImpl.invokeMethod(MetaClassImpl.java:810)
at com.jayway.restassured.internal.RequestSpecificationImpl.invokeMethod(RequestSpecificationImpl.groovy)
at org.codehaus.groovy.runtime.callsite.PogoInterceptableSite.call(PogoInterceptableSite.java:48)
at org.codehaus.groovy.runtime.callsite.PogoInterceptableSite.callCurrent(PogoInterceptableSite.java:58)
at org.codehaus.groovy.runtime.callsite.CallSiteArray.defaultCallCurrent(CallSiteArray.java:52)
at org.codehaus.groovy.runtime.callsite.AbstractCallSite.callCurrent(AbstractCallSite.java:154)
at org.codehaus.groovy.runtime.callsite.AbstractCallSite.callCurrent(AbstractCallSite.java:182)
at com.jayway.restassured.internal.RequestSpecificationImpl.get(RequestSpecificationImpl.groovy:160)
at com.jayway.restassured.internal.RequestSpecificationImpl.get(RequestSpecificationImpl.groovy)
at API.DogBreeds.partytypes(DogBreeds.java:45)
at sun.reflect.NativeMethodAccessorImpl.invoke0(Native Method)
at sun.reflect.NativeMethodAccessorImpl.invoke(Unknown Source)
at sun.reflect.DelegatingMethodAccessorImpl.invoke(Unknown Source)
at java.lang.reflect.Method.invoke(Unknown Source)
at org.testng.internal.MethodInvocationHelper.invokeMethod(MethodInvocationHelper.java:134)
at org.testng.internal.TestInvoker.invokeMethod(TestInvoker.java:597)
at org.testng.internal.TestInvoker.invokeTestMethod(TestInvoker.java:173)
at org.testng.internal.MethodRunner.runInSequence(MethodRunner.java:46)
at org.testng.internal.TestInvoker$MethodInvocationAgent.invoke(TestInvoker.java:816)
at org.testng.internal.TestInvoker.invokeTestMethods(TestInvoker.java:146)
at org.testng.internal.TestMethodWorker.invokeTestMethods(TestMethodWorker.java:146)
at org.testng.internal.TestMethodWorker.run(TestMethodWorker.java:128)
at java.util.ArrayList.forEach(Unknown Source)
at org.testng.TestRunner.privateRun(TestRunner.java:766)
at org.testng.TestRunner.run(TestRunner.java:587)
at org.testng.SuiteRunner.runTest(SuiteRunner.java:384)
at org.testng.SuiteRunner.runSequentially(SuiteRunner.java:378)
at org.testng.SuiteRunner.privateRun(SuiteRunner.java:337)
at org.testng.SuiteRunner.run(SuiteRunner.java:286)
at org.testng.SuiteRunnerWorker.runSuite(SuiteRunnerWorker.java:53)
at org.testng.SuiteRunnerWorker.run(SuiteRunnerWorker.java:96)
at org.testng.TestNG.runSuitesSequentially(TestNG.java:1187)
at org.testng.TestNG.runSuitesLocally(TestNG.java:1109)
at org.testng.TestNG.runSuites(TestNG.java:1039)
at org.testng.TestNG.run(TestNG.java:1007)
at org.testng.remote.AbstractRemoteTestNG.run(AbstractRemoteTestNG.java:115)
at org.testng.remote.RemoteTestNG.initAndRun(RemoteTestNG.java:251)
at org.testng.remote.RemoteTestNG.main(RemoteTestNG.java:77)
]]>
    </error>
  </testcase> <!-- partytypes -->
  <system-out/>
</testsuite> <!-- API.DogBreeds -->
